time="2024-12-16T14:50:54Z" level=error msg="Error finding device and mount point: mount point not found for path: ./data" path=./data
time="2024-12-16T14:50:54Z" level=fatal msg="mount point not found for path: ./data"
time="2024-12-16T14:51:07Z" level=error msg="Error finding device and mount point: mount point not found for path: ./data" path=./data
time="2024-12-16T14:51:07Z" level=fatal msg="mount point not found for path: ./data"
time="2024-12-16T14:54:05Z" level=info msg="Disk Usage information for path" Device=/dev/dm-0 Free (GB)=293.08 Mount Point=/ Path="/home/mia/repo/MentisEterna/TestData/2024-12-16 14:54:05.944591096 +0000 UTC m=+0.001746427" Total (GB)=1965.17 Usage by DB=0.34 Used (GB)=1672.09
time="2024-12-16T14:54:05Z" level=info msg="DB Flattened"
time="2024-12-16T14:54:25Z" level=info msg="Disk Usage information for path" Device=/dev/dm-0 Free (GB)=293.08 Mount Point=/ Path="/home/mia/repo/MentisEterna/TestData/2024-12-16 14:54:25.331526888 +0000 UTC m=+0.001545358" Total (GB)=1965.17 Usage by DB=0.34 Used (GB)=1672.09
time="2024-12-16T14:54:25Z" level=info msg="DB Flattened"
time="2024-12-16T14:55:30Z" level=info msg="Disk Usage information for path" Device=/dev/dm-0 Free (GB)=293.09 Mount Point=/ Path="/home/mia/repo/MentisEterna/TestData/2024-12-16 14:55:30.486760534 +0000 UTC m=+0.001737661" Total (GB)=1965.17 Usage by DB=0.34 Used (GB)=1672.08
time="2024-12-16T14:55:30Z" level=info msg="DB Flattened"
time="2024-12-16T14:55:43Z" level=info msg="Disk Usage information for path" Device=/dev/dm-0 Free (GB)=293.09 Mount Point=/ Path="/home/mia/repo/MentisEterna/TestData/2024-12-16 14:55:43.74840448 +0000 UTC m=+0.001733884" Total (GB)=1965.17 Usage by DB=0.34 Used (GB)=1672.08
time="2024-12-16T14:55:43Z" level=info msg="DB Flattened"
time="2024-12-16T14:56:00Z" level=info msg="Disk Usage information for path" Device=/dev/dm-0 Free (GB)=293.09 Mount Point=/ Path=/home/mia/repo/MentisEterna/TestData Total (GB)=1965.17 Usage by DB=0.35 Used (GB)=1672.09
time="2024-12-16T14:56:00Z" level=info msg="DB Flattened"
time="2024-12-16T14:56:12Z" level=info msg="Disk Usage information for path" Device=/dev/dm-0 Free (GB)=293.09 Mount Point=/ Path=/home/mia/repo/MentisEterna/TestData Total (GB)=1965.17 Usage by DB=0.35 Used (GB)=1672.09
time="2024-12-16T14:56:12Z" level=info msg="DB Flattened"
time="2024-12-16T14:56:13Z" level=info msg="Disk Usage information for path" Device=/dev/dm-0 Free (GB)=293.09 Mount Point=/ Path=/home/mia/repo/MentisEterna/TestData Total (GB)=1965.17 Usage by DB=0.35 Used (GB)=1672.09
time="2024-12-16T14:56:13Z" level=info msg="DB Flattened"
time="2024-12-16T14:56:53Z" level=info msg="Disk Usage information for path" Device=/dev/dm-0 Free (GB)=293.08 Mount Point=/ Path=/home/mia/repo/MentisEterna/TestData Total (GB)=1965.17 Usage by DB=0.35 Used (GB)=1672.09
time="2024-12-16T14:56:53Z" level=info msg="DB Flattened"
time="2024-12-16T14:57:00Z" level=info msg="Disk Usage information for path" Device=/dev/dm-0 Free (GB)=293.08 Mount Point=/ Path=/home/mia/repo/MentisEterna/TestData Total (GB)=1965.17 Usage by DB=0.35 Used (GB)=1672.09
time="2024-12-16T14:57:00Z" level=info msg="DB Flattened"
time="2024-12-16T14:58:27Z" level=info msg="Disk Usage information for path" Device=/dev/dm-0 Free (GB)=293.08 Mount Point=/ Path=/home/mia/repo/MentisEterna/TestData Total (GB)=1965.17 Usage by DB=0.35 Used (GB)=1672.09
time="2024-12-16T14:58:27Z" level=info msg="DB Flattened"
time="2024-12-16T14:58:49Z" level=info msg="Disk Usage information for path" Device=/dev/dm-0 Free (GB)=293.08 Mount Point=/ Path=/home/mia/repo/MentisEterna/TestData Total (GB)=1965.17 Usage by DB=0.35 Used (GB)=1672.09
time="2024-12-16T14:58:49Z" level=info msg="DB Flattened"
time="2024-12-16T14:59:08Z" level=info msg="Disk Usage information for path" Device=/dev/dm-0 Free (GB)=293.08 Mount Point=/ Path=/home/mia/repo/MentisEterna/TestData Total (GB)=1965.17 Usage by DB=0.35 Used (GB)=1672.09
time="2024-12-16T14:59:18Z" level=info msg="DB Flattened"
time="2024-12-16T14:59:33Z" level=info msg="Disk Usage information for path" Device=/dev/dm-0 Free (GB)=293.08 Mount Point=/ Path=/home/mia/repo/MentisEterna/TestData Total (GB)=1965.17 Usage by DB=0.35 Used (GB)=1672.09
time="2024-12-16T14:59:33Z" level=info msg="DB Flattened"
time="2024-12-16T15:01:58Z" level=info msg="Disk Usage information for path" Device=/dev/dm-0 Free (GB)=293.12 Mount Point=/ Path=/home/mia/repo/MentisEterna/TestData Total (GB)=1965.17 Usage by DB=0.35 Used (GB)=1672.05
time="2024-12-16T15:04:02Z" level=info msg="Disk Usage information for path" Device=/dev/dm-0 Free (GB)=293.13 Mount Point=/ Path=/home/mia/repo/MentisEterna/TestData Total (GB)=1965.17 Usage by DB=0.35 Used (GB)=1672.05
